<?xml version="1.0" encoding="UTF-8"?>
<testng-results ignored="0" total="2" passed="2" failed="0" skipped="0">
  <reporter-output>
  </reporter-output>
  <suite started-at="2025-10-31T17:29:15 IST" name="Default Suite" finished-at="2025-10-31T17:29:15 IST" duration-ms="261">
    <groups>
    </groups>
    <test started-at="2025-10-31T17:29:15 IST" name="selenium" finished-at="2025-10-31T17:29:15 IST" duration-ms="261">
      <class name="testNG.test_ng_demo123">
        <test-method is-config="true" signature="beforeSuite()[pri:0, instance:testNG.test_ng_demo123@38364841]" started-at="2025-10-31T17:29:15 IST" name="beforeSuite" finished-at="2025-10-31T17:29:15 IST" duration-ms="82" status="PASS">
          <reporter-output>
          </reporter-output>
        </test-method> <!-- beforeSuite -->
        <test-method is-config="true" signature="beforeTest()[pri:0, instance:testNG.test_ng_demo123@38364841]" started-at="2025-10-31T17:29:15 IST" name="beforeTest" finished-at="2025-10-31T17:29:15 IST" duration-ms="21" status="PASS">
          <reporter-output>
          </reporter-output>
        </test-method> <!-- beforeTest -->
        <test-method is-config="true" signature="beforeClass()[pri:0, instance:testNG.test_ng_demo123@38364841]" started-at="2025-10-31T17:29:15 IST" name="beforeClass" finished-at="2025-10-31T17:29:15 IST" duration-ms="3" status="PASS">
          <reporter-output>
          </reporter-output>
        </test-method> <!-- beforeClass -->
        <test-method is-config="true" signature="beforeMethod()[pri:0, instance:testNG.test_ng_demo123@38364841]" started-at="2025-10-31T17:29:15 IST" name="beforeMethod" finished-at="2025-10-31T17:29:15 IST" duration-ms="3" status="PASS">
          <reporter-output>
          </reporter-output>
        </test-method> <!-- beforeMethod -->
        <test-method signature="anotherTestFunction()[pri:0, instance:testNG.test_ng_demo123@38364841]" started-at="2025-10-31T17:29:15 IST" name="anotherTestFunction" finished-at="2025-10-31T17:29:15 IST" duration-ms="10" status="PASS">
          <reporter-output>
          </reporter-output>
        </test-method> <!-- anotherTestFunction -->
        <test-method is-config="true" signature="afterMethod()[pri:0, instance:testNG.test_ng_demo123@38364841]" started-at="2025-10-31T17:29:15 IST" name="afterMethod" finished-at="2025-10-31T17:29:15 IST" duration-ms="3" status="PASS">
          <reporter-output>
          </reporter-output>
        </test-method> <!-- afterMethod -->
        <test-method is-config="true" signature="beforeMethod()[pri:0, instance:testNG.test_ng_demo123@38364841]" started-at="2025-10-31T17:29:15 IST" name="beforeMethod" finished-at="2025-10-31T17:29:15 IST" duration-ms="2" status="PASS">
          <reporter-output>
          </reporter-output>
        </test-method> <!-- beforeMethod -->
        <test-method signature="testFunction()[pri:0, instance:testNG.test_ng_demo123@38364841]" started-at="2025-10-31T17:29:15 IST" name="testFunction" finished-at="2025-10-31T17:29:15 IST" duration-ms="2" status="PASS">
          <reporter-output>
          </reporter-output>
        </test-method> <!-- testFunction -->
        <test-method is-config="true" signature="afterMethod()[pri:0, instance:testNG.test_ng_demo123@38364841]" started-at="2025-10-31T17:29:15 IST" name="afterMethod" finished-at="2025-10-31T17:29:15 IST" duration-ms="1" status="PASS">
          <reporter-output>
          </reporter-output>
        </test-method> <!-- afterMethod -->
        <test-method is-config="true" signature="afterClass()[pri:0, instance:testNG.test_ng_demo123@38364841]" started-at="2025-10-31T17:29:15 IST" name="afterClass" finished-at="2025-10-31T17:29:15 IST" duration-ms="10" status="PASS">
          <reporter-output>
          </reporter-output>
        </test-method> <!-- afterClass -->
        <test-method is-config="true" signature="afterTest()[pri:0, instance:testNG.test_ng_demo123@38364841]" started-at="2025-10-31T17:29:15 IST" name="afterTest" finished-at="2025-10-31T17:29:15 IST" duration-ms="3" status="PASS">
          <reporter-output>
          </reporter-output>
        </test-method> <!-- afterTest -->
        <test-method is-config="true" signature="afterSuite()[pri:0, instance:testNG.test_ng_demo123@38364841]" started-at="2025-10-31T17:29:16 IST" name="afterSuite" finished-at="2025-10-31T17:29:16 IST" duration-ms="2" status="PASS">
          <reporter-output>
          </reporter-output>
        </test-method> <!-- afterSuite -->
      </class> <!-- testNG.test_ng_demo123 -->
    </test> <!-- selenium -->
  </suite> <!-- Default Suite -->
</testng-results>
