<?xml version="1.0" encoding="UTF-8"?>
<testng-results ignored="0" total="1" passed="1" failed="0" skipped="0">
  <reporter-output>
  </reporter-output>
  <suite started-at="2026-02-15T09:14:24 IST" name="Default Suite" finished-at="2026-02-15T09:14:38 IST" duration-ms="13431">
    <groups>
    </groups>
    <test started-at="2026-02-15T09:14:24 IST" name="SimpleProject" finished-at="2026-02-15T09:14:38 IST" duration-ms="13431">
      <class name="tests.TestPage">
        <test-method is-config="true" signature="setup()[pri:0, instance:tests.TestPage@1bd4fdd]" started-at="2026-02-15T09:14:24 IST" name="setup" finished-at="2026-02-15T09:14:34 IST" duration-ms="9720" status="PASS">
          <reporter-output>
          </reporter-output>
        </test-method> <!-- setup -->
        <test-method signature="verifyLogin()[pri:0, instance:tests.TestPage@1bd4fdd]" started-at="2026-02-15T09:14:34 IST" name="verifyLogin" finished-at="2026-02-15T09:14:37 IST" duration-ms="3068" status="PASS">
          <reporter-output>
          </reporter-output>
        </test-method> <!-- verifyLogin -->
        <test-method is-config="true" signature="tearDown()[pri:0, instance:tests.TestPage@1bd4fdd]" started-at="2026-02-15T09:14:37 IST" name="tearDown" finished-at="2026-02-15T09:14:38 IST" duration-ms="530" status="PASS">
          <reporter-output>
          </reporter-output>
        </test-method> <!-- tearDown -->
      </class> <!-- tests.TestPage -->
    </test> <!-- SimpleProject -->
  </suite> <!-- Default Suite -->
</testng-results>
