<?xml version="1.0" encoding="UTF-8"?>
<testng-results ignored="0" total="7" passed="6" failed="1" skipped="0">
  <reporter-output>
  </reporter-output>
  <suite started-at="2026-02-07T08:35:01 IST" name="AutomationExercise Regression Suite" finished-at="2026-02-07T08:37:13 IST" duration-ms="131214">
    <groups>
    </groups>
    <test started-at="2026-02-07T08:35:01 IST" name="Regression" finished-at="2026-02-07T08:37:13 IST" duration-ms="131214">
      <class name="Tests.ContactUsTest">
        <test-method is-config="true" signature="setUp()[pri:0, instance:Tests.ContactUsTest@3959a3f2]" started-at="2026-02-07T08:36:38 IST" name="setUp" finished-at="2026-02-07T08:36:45 IST" duration-ms="7123" status="PASS">
          <reporter-output>
          </reporter-output>
        </test-method> <!-- setUp -->
        <test-method signature="contactUsFormTest()[pri:0, instance:Tests.ContactUsTest@3959a3f2]" started-at="2026-02-07T08:36:45 IST" name="contactUsFormTest" finished-at="2026-02-07T08:36:53 IST" duration-ms="8316" status="PASS">
          <reporter-output>
          </reporter-output>
        </test-method> <!-- contactUsFormTest -->
        <test-method is-config="true" signature="tearDown()[pri:0, instance:Tests.ContactUsTest@3959a3f2]" started-at="2026-02-07T08:36:53 IST" name="tearDown" finished-at="2026-02-07T08:36:55 IST" duration-ms="1504" status="PASS">
          <reporter-output>
          </reporter-output>
        </test-method> <!-- tearDown -->
      </class> <!-- Tests.ContactUsTest -->
      <class name="Tests.CategoryNavigationTest">
        <test-method is-config="true" signature="setUp()[pri:0, instance:Tests.CategoryNavigationTest@792ce5eb]" started-at="2026-02-07T08:36:13 IST" name="setUp" finished-at="2026-02-07T08:36:21 IST" duration-ms="7838" status="PASS">
          <reporter-output>
          </reporter-output>
        </test-method> <!-- setUp -->
        <test-method signature="categoryNavigationTest()[pri:0, instance:Tests.CategoryNavigationTest@792ce5eb]" started-at="2026-02-07T08:36:21 IST" name="categoryNavigationTest" finished-at="2026-02-07T08:36:34 IST" duration-ms="12797" status="PASS">
          <reporter-output>
          </reporter-output>
        </test-method> <!-- categoryNavigationTest -->
        <test-method is-config="true" signature="tearDown()[pri:0, instance:Tests.CategoryNavigationTest@792ce5eb]" started-at="2026-02-07T08:36:34 IST" name="tearDown" finished-at="2026-02-07T08:36:38 IST" duration-ms="4006" status="PASS">
          <reporter-output>
          </reporter-output>
        </test-method> <!-- tearDown -->
      </class> <!-- Tests.CategoryNavigationTest -->
      <class name="Tests.CartTest">
        <test-method is-config="true" signature="setUp()[pri:0, instance:Tests.CartTest@30141a7f]" started-at="2026-02-07T08:36:01 IST" name="setUp" finished-at="2026-02-07T08:36:11 IST" duration-ms="10942" status="PASS">
          <reporter-output>
          </reporter-output>
        </test-method> <!-- setUp -->
        <test-method signature="removeFromCart()[pri:0, instance:Tests.CartTest@30141a7f]" started-at="2026-02-07T08:36:11 IST" name="removeFromCart" finished-at="2026-02-07T08:36:11 IST" duration-ms="15" status="PASS">
          <reporter-output>
          </reporter-output>
        </test-method> <!-- removeFromCart -->
        <test-method is-config="true" signature="tearDown()[pri:0, instance:Tests.CartTest@30141a7f]" started-at="2026-02-07T08:36:12 IST" name="tearDown" finished-at="2026-02-07T08:36:13 IST" duration-ms="1546" status="PASS">
          <reporter-output>
          </reporter-output>
        </test-method> <!-- tearDown -->
      </class> <!-- Tests.CartTest -->
      <class name="Tests.ContactUsFormWithoutMandatoryField">
        <test-method is-config="true" signature="setUp()[pri:0, instance:Tests.ContactUsFormWithoutMandatoryField@5fa7e903]" started-at="2026-02-07T08:36:55 IST" name="setUp" finished-at="2026-02-07T08:37:07 IST" duration-ms="11878" status="PASS">
          <reporter-output>
          </reporter-output>
        </test-method> <!-- setUp -->
        <test-method signature="contactUsFormTest()[pri:0, instance:Tests.ContactUsFormWithoutMandatoryField@5fa7e903]" started-at="2026-02-07T08:37:07 IST" name="contactUsFormTest" finished-at="2026-02-07T08:37:11 IST" duration-ms="4500" status="PASS">
          <reporter-output>
          </reporter-output>
        </test-method> <!-- contactUsFormTest -->
        <test-method is-config="true" signature="tearDown()[pri:0, instance:Tests.ContactUsFormWithoutMandatoryField@5fa7e903]" started-at="2026-02-07T08:37:11 IST" name="tearDown" finished-at="2026-02-07T08:37:13 IST" duration-ms="1459" status="PASS">
          <reporter-output>
          </reporter-output>
        </test-method> <!-- tearDown -->
      </class> <!-- Tests.ContactUsFormWithoutMandatoryField -->
      <class name="Tests.SignupTestes">
        <test-method is-config="true" signature="setUp()[pri:0, instance:Tests.SignupTestes@7a2a272a]" started-at="2026-02-07T08:35:32 IST" name="setUp" finished-at="2026-02-07T08:35:37 IST" duration-ms="5073" status="PASS">
          <reporter-output>
          </reporter-output>
        </test-method> <!-- setUp -->
        <test-method signature="signupTest()[pri:0, instance:Tests.SignupTestes@7a2a272a]" started-at="2026-02-07T08:35:37 IST" name="signupTest" finished-at="2026-02-07T08:35:47 IST" duration-ms="10086" status="PASS">
          <reporter-output>
          </reporter-output>
        </test-method> <!-- signupTest -->
        <test-method is-config="true" signature="tearDown()[pri:0, instance:Tests.SignupTestes@7a2a272a]" started-at="2026-02-07T08:35:47 IST" name="tearDown" finished-at="2026-02-07T08:35:50 IST" duration-ms="2369" status="PASS">
          <reporter-output>
          </reporter-output>
        </test-method> <!-- tearDown -->
      </class> <!-- Tests.SignupTestes -->
      <class name="Tests.ProductTests">
        <test-method is-config="true" signature="setUp()[pri:0, instance:Tests.ProductTests@472bc0b7]" started-at="2026-02-07T08:35:50 IST" name="setUp" finished-at="2026-02-07T08:35:58 IST" duration-ms="8229" status="PASS">
          <reporter-output>
          </reporter-output>
        </test-method> <!-- setUp -->
        <test-method signature="searchProductTest()[pri:0, instance:Tests.ProductTests@472bc0b7]" started-at="2026-02-07T08:35:58 IST" name="searchProductTest" finished-at="2026-02-07T08:35:59 IST" duration-ms="414" status="FAIL">
          <exception class="org.openqa.selenium.NoSuchElementException">
            <message>
              <![CDATA[no such element: Unable to locate element: {"method":"link text","selector":"Products"}
  (Session info: chrome=144.0.7559.133)
For documentation on this error, please visit: https://www.selenium.dev/documentation/webdriver/troubleshooting/errors#no-such-element-exception
Build info: version: '4.25.0', revision: '8a8aea2337'
System info: os.name: 'Windows 10', os.arch: 'amd64', os.version: '10.0', java.version: '24.0.2'
Driver info: org.openqa.selenium.chrome.ChromeDriver
Command: [1dd2b274de57eb2198e12cedfa0f6de9, findElement {value=Products, using=link text}]
Capabilities {acceptInsecureCerts: false, browserName: chrome, browserVersion: 144.0.7559.133, chrome: {chromedriverVersion: 144.0.7559.133 (7da823b1d59..., userDataDir: C:\Users\WELCOME\AppData\Lo...}, fedcm:accounts: true, goog:chromeOptions: {debuggerAddress: localhost:60363}, goog:processID: 15520, networkConnectionEnabled: false, pageLoadStrategy: normal, platformName: windows, proxy: Proxy(), se:cdp: ws://localhost:60363/devtoo..., se:cdpVersion: 144.0.7559.133, setWindowRect: true, strictFileInteractability: false, timeouts: {implicit: 0, pageLoad: 300000, script: 30000}, unhandledPromptBehavior: dismiss and notify, webauthn:extension:credBlob: true, webauthn:extension:largeBlob: true, webauthn:extension:minPinLength: true, webauthn:extension:prf: true, webauthn:virtualAuthenticators: true}
Session ID: 1dd2b274de57eb2198e12cedfa0f6de9]]>
            </message>
            <full-stacktrace>
              <![CDATA[org.openqa.selenium.NoSuchElementException: no such element: Unable to locate element: {"method":"link text","selector":"Products"}
  (Session info: chrome=144.0.7559.133)
For documentation on this error, please visit: https://www.selenium.dev/documentation/webdriver/troubleshooting/errors#no-such-element-exception
Build info: version: '4.25.0', revision: '8a8aea2337'
System info: os.name: 'Windows 10', os.arch: 'amd64', os.version: '10.0', java.version: '24.0.2'
Driver info: org.openqa.selenium.chrome.ChromeDriver
Command: [1dd2b274de57eb2198e12cedfa0f6de9, findElement {value=Products, using=link text}]
Capabilities {acceptInsecureCerts: false, browserName: chrome, browserVersion: 144.0.7559.133, chrome: {chromedriverVersion: 144.0.7559.133 (7da823b1d59..., userDataDir: C:\Users\WELCOME\AppData\Lo...}, fedcm:accounts: true, goog:chromeOptions: {debuggerAddress: localhost:60363}, goog:processID: 15520, networkConnectionEnabled: false, pageLoadStrategy: normal, platformName: windows, proxy: Proxy(), se:cdp: ws://localhost:60363/devtoo..., se:cdpVersion: 144.0.7559.133, setWindowRect: true, strictFileInteractability: false, timeouts: {implicit: 0, pageLoad: 300000, script: 30000}, unhandledPromptBehavior: dismiss and notify, webauthn:extension:credBlob: true, webauthn:extension:largeBlob: true, webauthn:extension:minPinLength: true, webauthn:extension:prf: true, webauthn:virtualAuthenticators: true}
Session ID: 1dd2b274de57eb2198e12cedfa0f6de9
at java.base/jdk.internal.reflect.DirectConstructorHandleAccessor.newInstance(DirectConstructorHandleAccessor.java:62)
at java.base/java.lang.reflect.Constructor.newInstanceWithCaller(Constructor.java:499)
at java.base/java.lang.reflect.Constructor.newInstance(Constructor.java:483)
at org.openqa.selenium.remote.ErrorCodec.decode(ErrorCodec.java:167)
at org.openqa.selenium.remote.codec.w3c.W3CHttpResponseCodec.decode(W3CHttpResponseCodec.java:138)
at org.openqa.selenium.remote.codec.w3c.W3CHttpResponseCodec.decode(W3CHttpResponseCodec.java:50)
at org.openqa.selenium.remote.HttpCommandExecutor.execute(HttpCommandExecutor.java:190)
at org.openqa.selenium.remote.service.DriverCommandExecutor.invokeExecute(DriverCommandExecutor.java:216)
at org.openqa.selenium.remote.service.DriverCommandExecutor.execute(DriverCommandExecutor.java:174)
at org.openqa.selenium.remote.RemoteWebDriver.execute(RemoteWebDriver.java:545)
at org.openqa.selenium.remote.ElementLocation$ElementFinder$2.findElement(ElementLocation.java:165)
at org.openqa.selenium.remote.ElementLocation.findElement(ElementLocation.java:59)
at org.openqa.selenium.remote.RemoteWebDriver.findElement(RemoteWebDriver.java:368)
at org.openqa.selenium.remote.RemoteWebDriver.findElement(RemoteWebDriver.java:362)
at Pages.HomePage.openProducts(HomePage.java:21)
at Tests.ProductTests.searchProductTest(ProductTests.java:13)
at java.base/jdk.internal.reflect.DirectMethodHandleAccessor.invoke(DirectMethodHandleAccessor.java:104)
at java.base/java.lang.reflect.Method.invoke(Method.java:565)
at org.testng.internal.invokers.MethodInvocationHelper.invokeMethod(MethodInvocationHelper.java:139)
at org.testng.internal.invokers.TestInvoker.invokeMethod(TestInvoker.java:677)
at org.testng.internal.invokers.TestInvoker.invokeTestMethod(TestInvoker.java:221)
at org.testng.internal.invokers.MethodRunner.runInSequence(MethodRunner.java:50)
at org.testng.internal.invokers.TestInvoker$MethodInvocationAgent.invoke(TestInvoker.java:969)
at org.testng.internal.invokers.TestInvoker.invokeTestMethods(TestInvoker.java:194)
at org.testng.internal.invokers.TestMethodWorker.invokeTestMethods(TestMethodWorker.java:148)
at org.testng.internal.invokers.TestMethodWorker.run(TestMethodWorker.java:128)
at java.base/java.util.ArrayList.forEach(ArrayList.java:1604)
at org.testng.TestRunner.privateRun(TestRunner.java:829)
at org.testng.TestRunner.run(TestRunner.java:602)
at org.testng.SuiteRunner.runTest(SuiteRunner.java:437)
at org.testng.SuiteRunner.runSequentially(SuiteRunner.java:431)
at org.testng.SuiteRunner.privateRun(SuiteRunner.java:391)
at org.testng.SuiteRunner.run(SuiteRunner.java:330)
at org.testng.SuiteRunnerWorker.runSuite(SuiteRunnerWorker.java:52)
at org.testng.SuiteRunnerWorker.run(SuiteRunnerWorker.java:95)
at org.testng.TestNG.runSuitesSequentially(TestNG.java:1256)
at org.testng.TestNG.runSuitesLocally(TestNG.java:1176)
at org.testng.TestNG.runSuites(TestNG.java:1099)
at org.testng.TestNG.run(TestNG.java:1067)
at com.intellij.rt.testng.IDEARemoteTestNG.run(IDEARemoteTestNG.java:65)
at com.intellij.rt.testng.RemoteTestNGStarter.main(RemoteTestNGStarter.java:105)
]]>
            </full-stacktrace>
          </exception> <!-- org.openqa.selenium.NoSuchElementException -->
          <reporter-output>
          </reporter-output>
        </test-method> <!-- searchProductTest -->
        <test-method is-config="true" signature="tearDown()[pri:0, instance:Tests.ProductTests@472bc0b7]" started-at="2026-02-07T08:35:59 IST" name="tearDown" finished-at="2026-02-07T08:36:01 IST" duration-ms="1966" status="PASS">
          <reporter-output>
          </reporter-output>
        </test-method> <!-- tearDown -->
      </class> <!-- Tests.ProductTests -->
      <class name="Tests.LoginTests">
        <test-method is-config="true" signature="setUp()[pri:0, instance:Tests.LoginTests@5a1c721]" started-at="2026-02-07T08:35:02 IST" name="setUp" finished-at="2026-02-07T08:35:21 IST" duration-ms="18977" status="PASS">
          <reporter-output>
          </reporter-output>
        </test-method> <!-- setUp -->
        <test-method signature="validLogin()[pri:0, instance:Tests.LoginTests@5a1c721]" started-at="2026-02-07T08:35:21 IST" name="validLogin" finished-at="2026-02-07T08:35:30 IST" duration-ms="9067" status="PASS">
          <reporter-output>
          </reporter-output>
        </test-method> <!-- validLogin -->
        <test-method is-config="true" signature="tearDown()[pri:0, instance:Tests.LoginTests@5a1c721]" started-at="2026-02-07T08:35:31 IST" name="tearDown" finished-at="2026-02-07T08:35:32 IST" duration-ms="1770" status="PASS">
          <reporter-output>
          </reporter-output>
        </test-method> <!-- tearDown -->
      </class> <!-- Tests.LoginTests -->
    </test> <!-- Regression -->
  </suite> <!-- AutomationExercise Regression Suite -->
</testng-results>
