<?xml version="1.0" encoding="UTF-8"?>
<testng-results ignored="0" total="7" passed="6" failed="1" skipped="0">
  <reporter-output>
  </reporter-output>
  <suite started-at="2026-02-15T17:15:52 IST" name="EcommerceTestSuite" finished-at="2026-02-15T17:17:51 IST" duration-ms="119659">
    <groups>
    </groups>
    <test started-at="2026-02-15T17:15:52 IST" name="Smoke Test" finished-at="2026-02-15T17:17:51 IST" duration-ms="119659">
      <class name="Tests.ContactUsTest">
        <test-method is-config="true" signature="setUp()[pri:0, instance:Tests.ContactUsTest@611f8234]" started-at="2026-02-15T17:17:17 IST" name="setUp" finished-at="2026-02-15T17:17:24 IST" duration-ms="7691" status="PASS">
          <reporter-output>
          </reporter-output>
        </test-method> <!-- setUp -->
        <test-method signature="contactUsFormTest()[pri:0, instance:Tests.ContactUsTest@611f8234]" started-at="2026-02-15T17:17:24 IST" name="contactUsFormTest" finished-at="2026-02-15T17:17:31 IST" duration-ms="6313" status="PASS">
          <reporter-output>
          </reporter-output>
        </test-method> <!-- contactUsFormTest -->
        <test-method is-config="true" signature="tearDown()[pri:0, instance:Tests.ContactUsTest@611f8234]" started-at="2026-02-15T17:17:31 IST" name="tearDown" finished-at="2026-02-15T17:17:32 IST" duration-ms="1581" status="PASS">
          <reporter-output>
          </reporter-output>
        </test-method> <!-- tearDown -->
      </class> <!-- Tests.ContactUsTest -->
      <class name="Tests.CategoryNavigationTest">
        <test-method is-config="true" signature="setUp()[pri:0, instance:Tests.CategoryNavigationTest@21c64522]" started-at="2026-02-15T17:17:03 IST" name="setUp" finished-at="2026-02-15T17:17:13 IST" duration-ms="9906" status="PASS">
          <reporter-output>
          </reporter-output>
        </test-method> <!-- setUp -->
        <test-method signature="categoryNavigationTest()[pri:0, instance:Tests.CategoryNavigationTest@21c64522]" started-at="2026-02-15T17:17:13 IST" name="categoryNavigationTest" finished-at="2026-02-15T17:17:14 IST" duration-ms="1198" status="PASS">
          <reporter-output>
          </reporter-output>
        </test-method> <!-- categoryNavigationTest -->
        <test-method is-config="true" signature="tearDown()[pri:0, instance:Tests.CategoryNavigationTest@21c64522]" started-at="2026-02-15T17:17:14 IST" name="tearDown" finished-at="2026-02-15T17:17:17 IST" duration-ms="2190" status="PASS">
          <reporter-output>
          </reporter-output>
        </test-method> <!-- tearDown -->
      </class> <!-- Tests.CategoryNavigationTest -->
      <class name="Tests.CartTest">
        <test-method is-config="true" signature="setUp()[pri:0, instance:Tests.CartTest@74cec793]" started-at="2026-02-15T17:16:50 IST" name="setUp" finished-at="2026-02-15T17:17:02 IST" duration-ms="12248" status="PASS">
          <reporter-output>
          </reporter-output>
        </test-method> <!-- setUp -->
        <test-method signature="removeFromCart()[pri:0, instance:Tests.CartTest@74cec793]" started-at="2026-02-15T17:17:02 IST" name="removeFromCart" finished-at="2026-02-15T17:17:02 IST" duration-ms="13" status="PASS">
          <reporter-output>
          </reporter-output>
        </test-method> <!-- removeFromCart -->
        <test-method is-config="true" signature="tearDown()[pri:0, instance:Tests.CartTest@74cec793]" started-at="2026-02-15T17:17:02 IST" name="tearDown" finished-at="2026-02-15T17:17:03 IST" duration-ms="1113" status="PASS">
          <reporter-output>
          </reporter-output>
        </test-method> <!-- tearDown -->
      </class> <!-- Tests.CartTest -->
      <class name="Tests.ContactUsFormWithoutMandatoryField">
        <test-method is-config="true" signature="setUp()[pri:0, instance:Tests.ContactUsFormWithoutMandatoryField@3bde62ff]" started-at="2026-02-15T17:17:32 IST" name="setUp" finished-at="2026-02-15T17:17:43 IST" duration-ms="10316" status="PASS">
          <reporter-output>
          </reporter-output>
        </test-method> <!-- setUp -->
        <test-method signature="contactUsFormTest()[pri:0, instance:Tests.ContactUsFormWithoutMandatoryField@3bde62ff]" started-at="2026-02-15T17:17:43 IST" name="contactUsFormTest" finished-at="2026-02-15T17:17:48 IST" duration-ms="5595" status="PASS">
          <reporter-output>
          </reporter-output>
        </test-method> <!-- contactUsFormTest -->
        <test-method is-config="true" signature="tearDown()[pri:0, instance:Tests.ContactUsFormWithoutMandatoryField@3bde62ff]" started-at="2026-02-15T17:17:48 IST" name="tearDown" finished-at="2026-02-15T17:17:51 IST" duration-ms="3147" status="PASS">
          <reporter-output>
          </reporter-output>
        </test-method> <!-- tearDown -->
      </class> <!-- Tests.ContactUsFormWithoutMandatoryField -->
      <class name="Tests.SignupTestes">
        <test-method is-config="true" signature="setUp()[pri:0, instance:Tests.SignupTestes@5af28b27]" started-at="2026-02-15T17:16:19 IST" name="setUp" finished-at="2026-02-15T17:16:29 IST" duration-ms="9754" status="PASS">
          <reporter-output>
          </reporter-output>
        </test-method> <!-- setUp -->
        <test-method signature="signupTest()[pri:0, instance:Tests.SignupTestes@5af28b27]" started-at="2026-02-15T17:16:29 IST" name="signupTest" finished-at="2026-02-15T17:16:35 IST" duration-ms="6718" status="PASS">
          <reporter-output>
          </reporter-output>
        </test-method> <!-- signupTest -->
        <test-method is-config="true" signature="tearDown()[pri:0, instance:Tests.SignupTestes@5af28b27]" started-at="2026-02-15T17:16:35 IST" name="tearDown" finished-at="2026-02-15T17:16:38 IST" duration-ms="2452" status="PASS">
          <reporter-output>
          </reporter-output>
        </test-method> <!-- tearDown -->
      </class> <!-- Tests.SignupTestes -->
      <class name="Tests.ProductTests">
        <test-method is-config="true" signature="setUp()[pri:0, instance:Tests.ProductTests@6e9319f]" started-at="2026-02-15T17:16:38 IST" name="setUp" finished-at="2026-02-15T17:16:47 IST" duration-ms="9140" status="PASS">
          <reporter-output>
          </reporter-output>
        </test-method> <!-- setUp -->
        <test-method signature="searchProductTest()[pri:0, instance:Tests.ProductTests@6e9319f]" started-at="2026-02-15T17:16:47 IST" name="searchProductTest" finished-at="2026-02-15T17:16:47 IST" duration-ms="250" status="FAIL">
          <exception class="org.openqa.selenium.NoSuchElementException">
            <message>
              <![CDATA[no such element: Unable to locate element: {"method":"link text","selector":"Products"}
  (Session info: chrome=145.0.7632.76)
For documentation on this error, please visit: https://www.selenium.dev/documentation/webdriver/troubleshooting/errors#no-such-element-exception
Build info: version: '4.25.0', revision: '8a8aea2337'
System info: os.name: 'Windows 10', os.arch: 'amd64', os.version: '10.0', java.version: '24.0.2'
Driver info: org.openqa.selenium.chrome.ChromeDriver
Command: [39aeec5e422e3c9791bfe8eda6a8d54e, findElement {value=Products, using=link text}]
Capabilities {acceptInsecureCerts: false, browserName: chrome, browserVersion: 145.0.7632.76, chrome: {chromedriverVersion: 145.0.7632.76 (ee36f024f43a..., userDataDir: C:\Users\WELCOME\AppData\Lo...}, fedcm:accounts: true, goog:chromeOptions: {debuggerAddress: localhost:54419}, goog:processID: 8604, networkConnectionEnabled: false, pageLoadStrategy: normal, platformName: windows, proxy: Proxy(), se:cdp: ws://localhost:54419/devtoo..., se:cdpVersion: 145.0.7632.76, setWindowRect: true, strictFileInteractability: false, timeouts: {implicit: 0, pageLoad: 300000, script: 30000}, unhandledPromptBehavior: dismiss and notify, webauthn:extension:credBlob: true, webauthn:extension:largeBlob: true, webauthn:extension:minPinLength: true, webauthn:extension:prf: true, webauthn:virtualAuthenticators: true}
Session ID: 39aeec5e422e3c9791bfe8eda6a8d54e]]>
            </message>
            <full-stacktrace>
              <![CDATA[org.openqa.selenium.NoSuchElementException: no such element: Unable to locate element: {"method":"link text","selector":"Products"}
  (Session info: chrome=145.0.7632.76)
For documentation on this error, please visit: https://www.selenium.dev/documentation/webdriver/troubleshooting/errors#no-such-element-exception
Build info: version: '4.25.0', revision: '8a8aea2337'
System info: os.name: 'Windows 10', os.arch: 'amd64', os.version: '10.0', java.version: '24.0.2'
Driver info: org.openqa.selenium.chrome.ChromeDriver
Command: [39aeec5e422e3c9791bfe8eda6a8d54e, findElement {value=Products, using=link text}]
Capabilities {acceptInsecureCerts: false, browserName: chrome, browserVersion: 145.0.7632.76, chrome: {chromedriverVersion: 145.0.7632.76 (ee36f024f43a..., userDataDir: C:\Users\WELCOME\AppData\Lo...}, fedcm:accounts: true, goog:chromeOptions: {debuggerAddress: localhost:54419}, goog:processID: 8604, networkConnectionEnabled: false, pageLoadStrategy: normal, platformName: windows, proxy: Proxy(), se:cdp: ws://localhost:54419/devtoo..., se:cdpVersion: 145.0.7632.76, setWindowRect: true, strictFileInteractability: false, timeouts: {implicit: 0, pageLoad: 300000, script: 30000}, unhandledPromptBehavior: dismiss and notify, webauthn:extension:credBlob: true, webauthn:extension:largeBlob: true, webauthn:extension:minPinLength: true, webauthn:extension:prf: true, webauthn:virtualAuthenticators: true}
Session ID: 39aeec5e422e3c9791bfe8eda6a8d54e
at java.base/jdk.internal.reflect.DirectConstructorHandleAccessor.newInstance(DirectConstructorHandleAccessor.java:62)
at java.base/java.lang.reflect.Constructor.newInstanceWithCaller(Constructor.java:499)
at java.base/java.lang.reflect.Constructor.newInstance(Constructor.java:483)
at org.openqa.selenium.remote.ErrorCodec.decode(ErrorCodec.java:167)
at org.openqa.selenium.remote.codec.w3c.W3CHttpResponseCodec.decode(W3CHttpResponseCodec.java:138)
at org.openqa.selenium.remote.codec.w3c.W3CHttpResponseCodec.decode(W3CHttpResponseCodec.java:50)
at org.openqa.selenium.remote.HttpCommandExecutor.execute(HttpCommandExecutor.java:190)
at org.openqa.selenium.remote.service.DriverCommandExecutor.invokeExecute(DriverCommandExecutor.java:216)
at org.openqa.selenium.remote.service.DriverCommandExecutor.execute(DriverCommandExecutor.java:174)
at org.openqa.selenium.remote.RemoteWebDriver.execute(RemoteWebDriver.java:545)
at org.openqa.selenium.remote.ElementLocation$ElementFinder$2.findElement(ElementLocation.java:165)
at org.openqa.selenium.remote.ElementLocation.findElement(ElementLocation.java:59)
at org.openqa.selenium.remote.RemoteWebDriver.findElement(RemoteWebDriver.java:368)
at org.openqa.selenium.remote.RemoteWebDriver.findElement(RemoteWebDriver.java:362)
at Pages.HomePage.openProducts(HomePage.java:21)
at Tests.ProductTests.searchProductTest(ProductTests.java:13)
at java.base/jdk.internal.reflect.DirectMethodHandleAccessor.invoke(DirectMethodHandleAccessor.java:104)
at java.base/java.lang.reflect.Method.invoke(Method.java:565)
at org.testng.internal.invokers.MethodInvocationHelper.invokeMethod(MethodInvocationHelper.java:139)
at org.testng.internal.invokers.TestInvoker.invokeMethod(TestInvoker.java:677)
at org.testng.internal.invokers.TestInvoker.invokeTestMethod(TestInvoker.java:221)
at org.testng.internal.invokers.MethodRunner.runInSequence(MethodRunner.java:50)
at org.testng.internal.invokers.TestInvoker$MethodInvocationAgent.invoke(TestInvoker.java:969)
at org.testng.internal.invokers.TestInvoker.invokeTestMethods(TestInvoker.java:194)
at org.testng.internal.invokers.TestMethodWorker.invokeTestMethods(TestMethodWorker.java:148)
at org.testng.internal.invokers.TestMethodWorker.run(TestMethodWorker.java:128)
at java.base/java.util.ArrayList.forEach(ArrayList.java:1604)
at org.testng.TestRunner.privateRun(TestRunner.java:829)
at org.testng.TestRunner.run(TestRunner.java:602)
at org.testng.SuiteRunner.runTest(SuiteRunner.java:437)
at org.testng.SuiteRunner.runSequentially(SuiteRunner.java:431)
at org.testng.SuiteRunner.privateRun(SuiteRunner.java:391)
at org.testng.SuiteRunner.run(SuiteRunner.java:330)
at org.testng.SuiteRunnerWorker.runSuite(SuiteRunnerWorker.java:52)
at org.testng.SuiteRunnerWorker.run(SuiteRunnerWorker.java:95)
at org.testng.TestNG.runSuitesSequentially(TestNG.java:1256)
at org.testng.TestNG.runSuitesLocally(TestNG.java:1176)
at org.testng.TestNG.runSuites(TestNG.java:1099)
at org.testng.TestNG.run(TestNG.java:1067)
at com.intellij.rt.testng.IDEARemoteTestNG.run(IDEARemoteTestNG.java:65)
at com.intellij.rt.testng.RemoteTestNGStarter.main(RemoteTestNGStarter.java:105)
]]>
            </full-stacktrace>
          </exception> <!-- org.openqa.selenium.NoSuchElementException -->
          <reporter-output>
          </reporter-output>
        </test-method> <!-- searchProductTest -->
        <test-method is-config="true" signature="tearDown()[pri:0, instance:Tests.ProductTests@6e9319f]" started-at="2026-02-15T17:16:48 IST" name="tearDown" finished-at="2026-02-15T17:16:50 IST" duration-ms="1453" status="PASS">
          <reporter-output>
          </reporter-output>
        </test-method> <!-- tearDown -->
      </class> <!-- Tests.ProductTests -->
      <class name="Tests.LoginTests">
        <test-method is-config="true" signature="setUp()[pri:0, instance:Tests.LoginTests@495083a0]" started-at="2026-02-15T17:15:52 IST" name="setUp" finished-at="2026-02-15T17:16:07 IST" duration-ms="15170" status="PASS">
          <reporter-output>
          </reporter-output>
        </test-method> <!-- setUp -->
        <test-method signature="validLogin()[pri:0, instance:Tests.LoginTests@495083a0]" started-at="2026-02-15T17:16:07 IST" name="validLogin" finished-at="2026-02-15T17:16:14 IST" duration-ms="6807" status="PASS">
          <reporter-output>
          </reporter-output>
        </test-method> <!-- validLogin -->
        <test-method is-config="true" signature="tearDown()[pri:0, instance:Tests.LoginTests@495083a0]" started-at="2026-02-15T17:16:15 IST" name="tearDown" finished-at="2026-02-15T17:16:19 IST" duration-ms="4373" status="PASS">
          <reporter-output>
          </reporter-output>
        </test-method> <!-- tearDown -->
      </class> <!-- Tests.LoginTests -->
    </test> <!-- Smoke Test -->
  </suite> <!-- EcommerceTestSuite -->
</testng-results>
